e:\人脸对齐文献\stasm4.1.0\vc10\debug\vc140.pdb
e:\人脸对齐文献\stasm4.1.0\vc10\debug\vc140.idb
e:\人脸对齐文献\stasm4.1.0\vc10\debug\classicdesc.obj
e:\人脸对齐文献\stasm4.1.0\vc10\debug\convshape.obj
e:\人脸对齐文献\stasm4.1.0\vc10\debug\err.obj
e:\人脸对齐文献\stasm4.1.0\vc10\debug\eyedet.obj
e:\人脸对齐文献\stasm4.1.0\vc10\debug\eyedist.obj
e:\人脸对齐文献\stasm4.1.0\vc10\debug\faceroi.obj
e:\人脸对齐文献\stasm4.1.0\vc10\debug\hat.obj
e:\人脸对齐文献\stasm4.1.0\vc10\debug\landmarks.obj
e:\人脸对齐文献\stasm4.1.0\vc10\debug\misc.obj
e:\人脸对齐文献\stasm4.1.0\vc10\debug\facedet.obj
e:\人脸对齐文献\stasm4.1.0\vc10\debug\initasm.obj
e:\人脸对齐文献\stasm4.1.0\vc10\debug\pinstart.obj
e:\人脸对齐文献\stasm4.1.0\vc10\debug\print.obj
e:\人脸对齐文献\stasm4.1.0\vc10\debug\shape17.obj
e:\人脸对齐文献\stasm4.1.0\vc10\debug\shapehacks.obj
e:\人脸对齐文献\stasm4.1.0\vc10\debug\shapemod.obj
e:\人脸对齐文献\stasm4.1.0\vc10\debug\startshape.obj
e:\人脸对齐文献\stasm4.1.0\vc10\debug\stasm.obj
e:\人脸对齐文献\stasm4.1.0\vc10\debug\stasm_lib.obj
e:\人脸对齐文献\stasm4.1.0\vc10\debug\minimal.obj
e:\人脸对齐文献\stasm4.1.0\vc10\debug\asm.obj
e:\人脸对齐文献\stasm4.1.0\vc10\debug\vc120.pdb
e:\人脸对齐文献\stasm4.1.0\vc10\debug\vc120.idb
e:\人脸对齐文献\stasm4.1.0\vc10\debug\hatdesc.obj
e:\人脸对齐文献\stasm4.1.0\vc10\debug\mouthcorrect.obj
e:\人脸对齐文献\stasm4.1.0\vc10\debug\harris.obj
e:\人脸对齐文献\stasm4.1.0\vc10\debug\util.obj
e:\人脸对齐文献\stasm4.1.0\vc10\minimal.ilk
e:\人脸对齐文献\stasm4.1.0\vc10\minimal.exe
e:\人脸对齐文献\stasm4.1.0\vc10\minimal.pdb
e:\人脸对齐文献\stasm4.1.0\vc10\\minimal.pdb
e:\人脸对齐文献\stasm4.1.0\vc10\debug\minimal.tlog\cl.command.1.tlog
e:\人脸对齐文献\stasm4.1.0\vc10\debug\minimal.tlog\cl.read.1.tlog
e:\人脸对齐文献\stasm4.1.0\vc10\debug\minimal.tlog\cl.write.1.tlog
e:\人脸对齐文献\stasm4.1.0\vc10\debug\minimal.tlog\link-cvtres.read.1.tlog
e:\人脸对齐文献\stasm4.1.0\vc10\debug\minimal.tlog\link-cvtres.write.1.tlog
e:\人脸对齐文献\stasm4.1.0\vc10\debug\minimal.tlog\link-rc.read.1.tlog
e:\人脸对齐文献\stasm4.1.0\vc10\debug\minimal.tlog\link-rc.write.1.tlog
e:\人脸对齐文献\stasm4.1.0\vc10\debug\minimal.tlog\link.10180-cvtres.read.1.tlog
e:\人脸对齐文献\stasm4.1.0\vc10\debug\minimal.tlog\link.10180-cvtres.write.1.tlog
e:\人脸对齐文献\stasm4.1.0\vc10\debug\minimal.tlog\link.10180-rc.read.1.tlog
e:\人脸对齐文献\stasm4.1.0\vc10\debug\minimal.tlog\link.10180-rc.write.1.tlog
e:\人脸对齐文献\stasm4.1.0\vc10\debug\minimal.tlog\link.10180.read.1.tlog
e:\人脸对齐文献\stasm4.1.0\vc10\debug\minimal.tlog\link.10180.write.1.tlog
e:\人脸对齐文献\stasm4.1.0\vc10\debug\minimal.tlog\link.command.1.tlog
e:\人脸对齐文献\stasm4.1.0\vc10\debug\minimal.tlog\link.read.1.tlog
e:\人脸对齐文献\stasm4.1.0\vc10\debug\minimal.tlog\link.write.1.tlog
