生成启动时间为 2017/3/20 19:09:22。
     1>项目“E:\人脸对齐文献\stasm4.1.0+KCF\vc10\minimal.vcxproj”在节点 2 上(Build 个目标)。
     1>ClCompile:
         D:\Program Files (x86)\Microsoft Visual Studio 12.0\VC\bin\CL.exe /c /IE:/OpenCV2.4.0/build/include /I../stasm /ZI /nologo /W3 /WX- /Od /Oy- /D WIN32 /D _DEBUG /D _CONSOLE /D _UNICODE /D UNICODE /Gm /EHsc /RTC1 /MDd /GS /fp:precise /Zc:wchar_t /Zc:forScope /Fo"Debug\\" /Fd"Debug\vc120.pdb" /Gd /TP /analyze- /errorReport:prompt ..\apps\minimal.cpp ..\stasm\KCF\faceDC.cpp
         faceDC.cpp
         minimal.cpp
         正在生成代码...
       Link:
         D:\Program Files (x86)\Microsoft Visual Studio 12.0\VC\bin\link.exe /ERRORREPORT:PROMPT /OUT:"E:\人脸对齐文献\stasm4.1.0+KCF\vc10\\minimal.exe" /INCREMENTAL /NOLOGO opencv_calib3d2411d.lib opencv_contrib2411d.lib opencv_core2411d.lib opencv_features2d2411d.lib opencv_flann2411d.lib opencv_gpu2411d.lib opencv_highgui2411d.lib opencv_imgproc2411d.lib opencv_legacy2411d.lib opencv_ml2411d.lib opencv_nonfree2411d.lib opencv_objdetect2411d.lib opencv_ocl2411d.lib opencv_photo2411d.lib opencv_stitching2411d.lib opencv_superres2411d.lib opencv_ts2411d.lib opencv_video2411d.lib opencv_videostab2411d.lib /MANIFEST /MANIFESTUAC:"level='asInvoker' uiAccess='false'" /manifest:embed /DEBUG /PDB:"E:\人脸对齐文献\stasm4.1.0+KCF\vc10\\minimal.pdb" /SUBSYSTEM:CONSOLE /TLBID:1 /DYNAMICBASE /NXCOMPAT /IMPLIB:"E:\人脸对齐文献\stasm4.1.0+KCF\vc10\\minimal.lib" /MACHINE:X86 Debug\minimal.obj
         Debug\asm.obj
         Debug\classicdesc.obj
         Debug\convshape.obj
         Debug\err.obj
         Debug\eyedet.obj
         Debug\eyedist.obj
         Debug\faceroi.obj
         Debug\hat.obj
         Debug\hatdesc.obj
         Debug\faceDC.obj
         Debug\facialfeatures.obj
         Debug\fhog.obj
         Debug\kcftracker.obj
         Debug\harris.obj
         Debug\mouthCorrect.obj
         Debug\util.obj
         Debug\landmarks.obj
         Debug\misc.obj
         Debug\facedet.obj
         Debug\initasm.obj
         Debug\pinstart.obj
         Debug\print.obj
         Debug\shape17.obj
         Debug\shapehacks.obj
         Debug\shapemod.obj
         Debug\startshape.obj
         Debug\stasm.obj
         Debug\stasm_lib.obj
         minimal.vcxproj -> E:\人脸对齐文献\stasm4.1.0+KCF\vc10\\minimal.exe
     1>已完成生成项目“E:\人脸对齐文献\stasm4.1.0+KCF\vc10\minimal.vcxproj”(Build 个目标)的操作。

生成成功。

已用时间 00:00:03.13
