e:\人脸对齐文献\stasm4.1.0+kcf\vc10\release\vc120.pdb
e:\人脸对齐文献\stasm4.1.0+kcf\vc10\release\facedet.obj
e:\人脸对齐文献\stasm4.1.0+kcf\vc10\release\misc.obj
e:\人脸对齐文献\stasm4.1.0+kcf\vc10\release\landmarks.obj
e:\人脸对齐文献\stasm4.1.0+kcf\vc10\release\util.obj
e:\人脸对齐文献\stasm4.1.0+kcf\vc10\release\mouthcorrect.obj
e:\人脸对齐文献\stasm4.1.0+kcf\vc10\release\harris.obj
e:\人脸对齐文献\stasm4.1.0+kcf\vc10\release\kcftracker.obj
e:\人脸对齐文献\stasm4.1.0+kcf\vc10\release\fhog.obj
e:\人脸对齐文献\stasm4.1.0+kcf\vc10\release\facialfeatures.obj
e:\人脸对齐文献\stasm4.1.0+kcf\vc10\release\facedc.obj
e:\人脸对齐文献\stasm4.1.0+kcf\vc10\release\hatdesc.obj
e:\人脸对齐文献\stasm4.1.0+kcf\vc10\release\hat.obj
e:\人脸对齐文献\stasm4.1.0+kcf\vc10\release\faceroi.obj
e:\人脸对齐文献\stasm4.1.0+kcf\vc10\release\eyedist.obj
e:\人脸对齐文献\stasm4.1.0+kcf\vc10\release\eyedet.obj
e:\人脸对齐文献\stasm4.1.0+kcf\vc10\release\err.obj
e:\人脸对齐文献\stasm4.1.0+kcf\vc10\release\convshape.obj
e:\人脸对齐文献\stasm4.1.0+kcf\vc10\release\classicdesc.obj
e:\人脸对齐文献\stasm4.1.0+kcf\vc10\release\asm.obj
e:\人脸对齐文献\stasm4.1.0+kcf\vc10\release\minimal.obj
e:\人脸对齐文献\stasm4.1.0+kcf\vc10\release\stasm_lib.obj
e:\人脸对齐文献\stasm4.1.0+kcf\vc10\release\stasm.obj
e:\人脸对齐文献\stasm4.1.0+kcf\vc10\release\startshape.obj
e:\人脸对齐文献\stasm4.1.0+kcf\vc10\release\shapemod.obj
e:\人脸对齐文献\stasm4.1.0+kcf\vc10\release\shapehacks.obj
e:\人脸对齐文献\stasm4.1.0+kcf\vc10\release\shape17.obj
e:\人脸对齐文献\stasm4.1.0+kcf\vc10\release\print.obj
e:\人脸对齐文献\stasm4.1.0+kcf\vc10\release\pinstart.obj
e:\人脸对齐文献\stasm4.1.0+kcf\vc10\release\initasm.obj
e:\人脸对齐文献\stasm4.1.0+kcf\vc10\release\tracker.obj
e:\人脸对齐文献\stasm4.1.0+kcf\vc10\release\matcher.obj
e:\人脸对齐文献\stasm4.1.0+kcf\vc10\release\gui.obj
e:\人脸对齐文献\stasm4.1.0+kcf\vc10\release\getopt.obj
e:\人脸对齐文献\stasm4.1.0+kcf\vc10\release\fusion.obj
e:\人脸对齐文献\stasm4.1.0+kcf\vc10\release\fastcluster.obj
e:\人脸对齐文献\stasm4.1.0+kcf\vc10\release\consensus.obj
e:\人脸对齐文献\stasm4.1.0+kcf\vc10\release\common.obj
e:\人脸对齐文献\stasm4.1.0+kcf\vc10\release\cmt.obj
e:\人脸对齐文献\stasm4.1.0+kcf\vc10\release\runtracker.obj
e:\人脸对齐文献\stasm4.1.0+kcf\vc10\release\opticalflow.obj
e:\人脸对齐文献\stasm+ldof\vc10\release\vc120.pdb
e:\人脸对齐文献\stasm+ldof\vc10\release\startshape.obj
e:\人脸对齐文献\stasm+ldof\vc10\release\shapemod.obj
e:\人脸对齐文献\stasm+ldof\vc10\release\shapehacks.obj
e:\人脸对齐文献\stasm+ldof\vc10\release\shape17.obj
e:\人脸对齐文献\stasm+ldof\vc10\release\print.obj
e:\人脸对齐文献\stasm+ldof\vc10\release\pinstart.obj
e:\人脸对齐文献\stasm+ldof\vc10\release\initasm.obj
e:\人脸对齐文献\stasm+ldof\vc10\release\facedet.obj
e:\人脸对齐文献\stasm+ldof\vc10\release\misc.obj
e:\人脸对齐文献\stasm+ldof\vc10\release\landmarks.obj
e:\人脸对齐文献\stasm+ldof\vc10\release\hatdesc.obj
e:\人脸对齐文献\stasm+ldof\vc10\release\hat.obj
e:\人脸对齐文献\stasm+ldof\vc10\release\faceroi.obj
e:\人脸对齐文献\stasm+ldof\vc10\release\eyedist.obj
e:\人脸对齐文献\stasm+ldof\vc10\release\eyedet.obj
e:\人脸对齐文献\stasm+ldof\vc10\release\err.obj
e:\人脸对齐文献\stasm+ldof\vc10\release\convshape.obj
e:\人脸对齐文献\stasm+ldof\vc10\release\classicdesc.obj
e:\人脸对齐文献\stasm+ldof\vc10\release\asm.obj
e:\人脸对齐文献\stasm+ldof\vc10\release\minimal.obj
e:\人脸对齐文献\stasm+ldof\vc10\release\stasm_lib.obj
e:\人脸对齐文献\stasm+ldof\vc10\release\stasm.obj
e:\人脸对齐文献\stasm4.1.0+kcf\vc10\minimal.exe
e:\人脸对齐文献\stasm4.1.0+kcf\vc10\minimal.pdb
e:\人脸对齐文献\stasm4.1.0+kcf\vc10\minimal.lib
e:\人脸对齐文献\stasm4.1.0+kcf\vc10\minimal.exp
e:\人脸对齐文献\stasm+ldof\vc10\release\cmt.obj
e:\人脸对齐文献\stasm+ldof\vc10\release\common.obj
e:\人脸对齐文献\stasm+ldof\vc10\release\consensus.obj
e:\人脸对齐文献\stasm+ldof\vc10\release\facedc.obj
e:\人脸对齐文献\stasm+ldof\vc10\release\facialfeatures.obj
e:\人脸对齐文献\stasm+ldof\vc10\release\fastcluster.obj
e:\人脸对齐文献\stasm+ldof\vc10\release\fhog.obj
e:\人脸对齐文献\stasm+ldof\vc10\release\fusion.obj
e:\人脸对齐文献\stasm+ldof\vc10\release\getopt.obj
e:\人脸对齐文献\stasm+ldof\vc10\release\gui.obj
e:\人脸对齐文献\stasm+ldof\vc10\release\harris.obj
e:\人脸对齐文献\stasm+ldof\vc10\release\kcftracker.obj
e:\人脸对齐文献\stasm+ldof\vc10\release\matcher.obj
e:\人脸对齐文献\stasm+ldof\vc10\release\mouthcorrect.obj
e:\人脸对齐文献\stasm+ldof\vc10\release\opticalflow.obj
e:\人脸对齐文献\stasm+ldof\vc10\release\runtracker.obj
e:\人脸对齐文献\stasm+ldof\vc10\release\tracker.obj
e:\人脸对齐文献\stasm+ldof\vc10\release\util.obj
e:\人脸对齐文献\stasm+ldof\vc10\\minimal.pdb
e:\人脸对齐文献\stasm+ldof\vc10\release\minimal.tlog\cl.command.1.tlog
e:\人脸对齐文献\stasm+ldof\vc10\release\minimal.tlog\cl.read.1.tlog
e:\人脸对齐文献\stasm+ldof\vc10\release\minimal.tlog\cl.write.1.tlog
e:\人脸对齐文献\stasm+ldof\vc10\release\minimal.tlog\link.command.1.tlog
e:\人脸对齐文献\stasm+ldof\vc10\release\minimal.tlog\link.read.1.tlog
e:\人脸对齐文献\stasm+ldof\vc10\release\minimal.tlog\link.write.1.tlog
e:\人脸对齐文献\stasm+ldof\vc10\release\minimal.tlog\minimal.write.1u.tlog
